<?xml version="1.0" encoding="UTF-8"?>
<robot generator="Robot 3.0.4 (Python 3.6.1 on win32)" generated="20180703 08:59:19.470">
<suite id="s1" name="TC 003 BDD" source="C:\Users\TestingWorld\PycharmProjects\RobotAutomation\TestCases\LoginTC\TC_003_BDD.robot">
<test id="s1-t1" name="Test Case in BDD Format">
<kw name="Given Start Browser and Maximize" library="Resources1">
<kw name="Open Browser" library="SeleniumLibrary">
<doc>Opens a new browser instance to the given ``url``.</doc>
<arguments>
<arg>http://www.thetestingworld.com/testings</arg>
<arg>Chrome</arg>
</arguments>
<msg timestamp="20180703 08:59:20.038" level="INFO">Opening browser 'Chrome' to base url 'http://www.thetestingworld.com/testings'.</msg>
<status status="PASS" starttime="20180703 08:59:20.038" endtime="20180703 08:59:36.870"></status>
</kw>
<kw name="Maximize Browser Window" library="SeleniumLibrary">
<doc>Maximizes current browser window.</doc>
<status status="PASS" starttime="20180703 08:59:36.870" endtime="20180703 08:59:38.369"></status>
</kw>
<status status="PASS" starttime="20180703 08:59:20.037" endtime="20180703 08:59:38.370"></status>
</kw>
<kw name="When Create Folder at Runtime" library="Resources1">
<arguments>
<arg>ABCD</arg>
<arg>XYZM</arg>
</arguments>
<kw name="Create Folder" library="UserKeywords">
<arguments>
<arg>${foldername}</arg>
</arguments>
<status status="PASS" starttime="20180703 08:59:38.382" endtime="20180703 08:59:38.413"></status>
</kw>
<kw name="Create Sub Folder" library="UserKeywords">
<arguments>
<arg>${subfoldername}</arg>
</arguments>
<status status="PASS" starttime="20180703 08:59:38.416" endtime="20180703 08:59:38.421"></status>
</kw>
<kw name="Log" library="BuiltIn">
<doc>Logs the given message with the given level.</doc>
<arguments>
<arg>"Task Done Successfully"</arg>
</arguments>
<msg timestamp="20180703 08:59:38.424" level="INFO">"Task Done Successfully"</msg>
<status status="PASS" starttime="20180703 08:59:38.423" endtime="20180703 08:59:38.425"></status>
</kw>
<status status="PASS" starttime="20180703 08:59:38.377" endtime="20180703 08:59:38.427"></status>
</kw>
<kw name="Then Concatenate Username and Password" library="Resources1">
<arguments>
<arg>Testing</arg>
<arg>World</arg>
</arguments>
<kw name="Concatenate Two Values" library="UserKeywords">
<arguments>
<arg>${username}</arg>
<arg>${password}</arg>
</arguments>
<assign>
<var>${resultval}</var>
</assign>
<msg timestamp="20180703 08:59:38.438" level="INFO">${resultval} = Testing World</msg>
<status status="PASS" starttime="20180703 08:59:38.435" endtime="20180703 08:59:38.440"></status>
</kw>
<kw name="Log" library="BuiltIn">
<doc>Logs the given message with the given level.</doc>
<arguments>
<arg>${resultval}</arg>
</arguments>
<msg timestamp="20180703 08:59:38.445" level="INFO">Testing World</msg>
<status status="PASS" starttime="20180703 08:59:38.443" endtime="20180703 08:59:38.446"></status>
</kw>
<status status="PASS" starttime="20180703 08:59:38.431" endtime="20180703 08:59:38.447"></status>
</kw>
<status status="PASS" starttime="20180703 08:59:20.035" endtime="20180703 08:59:38.485" critical="yes"></status>
</test>
<status status="PASS" starttime="20180703 08:59:19.477" endtime="20180703 08:59:38.496"></status>
</suite>
<statistics>
<total>
<stat pass="1" fail="0">Critical Tests</stat>
<stat pass="1" fail="0">All Tests</stat>
</total>
<tag>
</tag>
<suite>
<stat pass="1" fail="0" id="s1" name="TC 003 BDD">TC 003 BDD</stat>
</suite>
</statistics>
<errors>
</errors>
</robot>
